Microsoft (R) TTDRecord 1.01.11 x64
Release: 1.11.481.0
Copyright (C) Microsoft Corporation. All rights reserved.


Initializing Time Travel Debugging for Launch of "C:\Users\Philip\source\repos\aoc2016\day1\part1.exe" 
Time: 03/20/2025 11:32:04
OS:10.0.19045 EDITION:x64

SessionID: 43CD7CCB-9DD2-4678-8F43-D6FDA611D7DD

   (TTD::ManageTTDTrace:2702)
Running "C:\Users\Philip\source\repos\aoc2016\day1\part1.exe" 
   (TTD::StartGuestProcess:1485)
Group tracing GUID: 88B5E4F1-E962-45C5-A1F1-E3B79BD75B1C

Running "C:\Users\Philip\AppData\Local\Microsoft\WindowsApps\Microsoft.WinDbg_8wekyb3d8bbwe\amd64\TTD\TTDInject.exe" /duration 0 /InjectMode LoaderForCombinedRecording /ClientParams "53 C:\Users\Philip\source\repos\aoc2016\day1\part101.run 0 0 0 0 0 0 1 0 806001 0" /RecordScenario 268435457 /attach 1468 /SuspendedAtLaunch -TraceFileHandle 4 -GuestEventHandle 8 -ClientEventHandle c -ActiveEventHandle 10 -MutexHandle 14 -CommunicationBufferHandle 18 -SharedSequenceMutexHandle 1c -SharedSequenceBufferHandle 20 /TelemetryFeatureSessionId "43CD7CCB-9DD2-4678-8F43-D6FDA611D7DD"
   (TTD::StartGuestProcess:1981)
Microsoft (R) TTDInject 1.01.11 x64
Release: 1.11.481.0
Copyright (C) Microsoft Corporation. All rights reserved.

TTDLoader Params:
 LauncherDll = TTDLoader
 ClientDll   = TTDRecordCPU
 ClientEntry = InitializeNirvanaClient
 ClientParams= 53 C:\Users\Philip\source\repos\aoc2016\day1\part101.run 0 0 0 0 0 0 1 0 806001 0
 SuspendedAtLaunch
WaitForMain is on
Allocated processors:55, running threads:1.
Loader TTDLoader.dll injected at 0x00007FF95C6F0000 0xc000 -- .reload  TTDLoader.dll=0x00007FF95C6F0000,0xc000

Injection by thread is complete.
RecordingEngine initialization successful.
RecordVcpu initialization successful.
Loader initialization successful.
Guest Process is x64 binary.
Tracing started at: Thu Mar 20 09:32:04 2025 (UTC) Thu Mar 20 11:32:04 2025 (Local)

Guest process exited with exit code 2147483651
Simulation time of '"C:\Users\Philip\source\repos\aoc2016\day1\part1.exe" ' (x64): 375ms.
Tracing completed at: Thu Mar 20 09:32:04 2025 (UTC) Thu Mar 20 11:32:04 2025 (Local)

Trace dumped to C:\Users\Philip\source\repos\aoc2016\day1\part101.run
